[30-May-2023 08:10:36 UTC] PHP Fatal error:  Uncaught Error: Call to undefined function oe_library_template_selector() in /Users/simon/Local Sites/planty/app/public/wp-content/plugins/ocean-extra/includes/preloader/customizer.php:307
Stack trace:
#0 /Users/simon/Local Sites/planty/app/public/wp-includes/class-wp-hook.php(308): Ocean_Preloader_Customizer->customizer_options(Object(WP_Customize_Manager))
#1 /Users/simon/Local Sites/planty/app/public/wp-includes/class-wp-hook.php(332): WP_Hook->apply_filters(NULL, Array)
#2 /Users/simon/Local Sites/planty/app/public/wp-includes/plugin.php(517): WP_Hook->do_action(Array)
#3 /Users/simon/Local Sites/planty/app/public/wp-includes/class-wp-customize-manager.php(934): do_action('customize_regis...', Object(WP_Customize_Manager))
#4 /Users/simon/Local Sites/planty/app/public/wp-includes/class-wp-hook.php(308): WP_Customize_Manager->wp_loaded('')
#5 /Users/simon/Local Sites/planty/app/public/wp-includes/class-wp-hook.php(332): WP_Hook->apply_filters(NULL, Array)
#6 /Users/simon/Local Sites/planty/app/public/wp-in in /Users/simon/Local Sites/planty/app/public/wp-content/plugins/ocean-extra/includes/preloader/customizer.php on line 307
[30-May-2023 08:10:46 UTC] PHP Fatal error:  Uncaught Error: Call to undefined function oe_library_template_selector() in /Users/simon/Local Sites/planty/app/public/wp-content/plugins/ocean-extra/includes/preloader/customizer.php:307
Stack trace:
#0 /Users/simon/Local Sites/planty/app/public/wp-includes/class-wp-hook.php(308): Ocean_Preloader_Customizer->customizer_options(Object(WP_Customize_Manager))
#1 /Users/simon/Local Sites/planty/app/public/wp-includes/class-wp-hook.php(332): WP_Hook->apply_filters(NULL, Array)
#2 /Users/simon/Local Sites/planty/app/public/wp-includes/plugin.php(517): WP_Hook->do_action(Array)
#3 /Users/simon/Local Sites/planty/app/public/wp-includes/class-wp-customize-manager.php(934): do_action('customize_regis...', Object(WP_Customize_Manager))
#4 /Users/simon/Local Sites/planty/app/public/wp-includes/class-wp-hook.php(308): WP_Customize_Manager->wp_loaded('')
#5 /Users/simon/Local Sites/planty/app/public/wp-includes/class-wp-hook.php(332): WP_Hook->apply_filters(NULL, Array)
#6 /Users/simon/Local Sites/planty/app/public/wp-in in /Users/simon/Local Sites/planty/app/public/wp-content/plugins/ocean-extra/includes/preloader/customizer.php on line 307
[30-May-2023 23:18:33 UTC] PHP Warning:  Une erreur imprévue est survenue. Il pourrait y avoir un problème avec WordPress.org ou la configuration de ce serveur. Si vous continuez à rencontrer ce problème, veuillez vous rendre sur les <a href="https://wpfr.net/support">forums de support</a>. (WordPress n’a pas pu établir de connexion sécurisée vers WordPress.org. Veuillez contacter l’administrateur ou l’administratrice de votre serveur.) in /Users/simon/Local Sites/planty/app/public/wp-includes/update.php on line 447
[31-May-2023 10:32:06 UTC] PHP Warning:  Une erreur imprévue est survenue. Il pourrait y avoir un problème avec WordPress.org ou la configuration de ce serveur. Si vous continuez à rencontrer ce problème, veuillez vous rendre sur les <a href="https://wpfr.net/support">forums de support</a>. (WordPress n’a pas pu établir de connexion sécurisée vers WordPress.org. Veuillez contacter l’administrateur ou l’administratrice de votre serveur.) in /Users/simon/Local Sites/planty/app/public/wp-includes/update.php on line 447
[31-May-2023 23:29:53 UTC] PHP Warning:  Une erreur imprévue est survenue. Il pourrait y avoir un problème avec WordPress.org ou la configuration de ce serveur. Si vous continuez à rencontrer ce problème, veuillez vous rendre sur les <a href="https://wpfr.net/support">forums de support</a>. (WordPress n’a pas pu établir de connexion sécurisée vers WordPress.org. Veuillez contacter l’administrateur ou l’administratrice de votre serveur.) in /Users/simon/Local Sites/planty/app/public/wp-includes/update.php on line 209
[31-May-2023 23:40:28 UTC] PHP Warning:  Une erreur imprévue est survenue. Il pourrait y avoir un problème avec WordPress.org ou la configuration de ce serveur. Si vous continuez à rencontrer ce problème, veuillez vous rendre sur les <a href="https://wpfr.net/support">forums de support</a>. (WordPress n’a pas pu établir de connexion sécurisée vers WordPress.org. Veuillez contacter l’administrateur ou l’administratrice de votre serveur.) in /Users/simon/Local Sites/planty/app/public/wp-includes/update.php on line 447
[31-May-2023 23:55:55 UTC] PHP Warning:  Une erreur imprévue est survenue. Il pourrait y avoir un problème avec WordPress.org ou la configuration de ce serveur. Si vous continuez à rencontrer ce problème, veuillez vous rendre sur les <a href="https://wpfr.net/support">forums de support</a>. (WordPress n’a pas pu établir de connexion sécurisée vers WordPress.org. Veuillez contacter l’administrateur ou l’administratrice de votre serveur.) in /Users/simon/Local Sites/planty/app/public/wp-includes/update.php on line 209
[01-Jun-2023 00:11:31 UTC] PHP Warning:  Une erreur imprévue est survenue. Il pourrait y avoir un problème avec WordPress.org ou la configuration de ce serveur. Si vous continuez à rencontrer ce problème, veuillez vous rendre sur les <a href="https://wpfr.net/support">forums de support</a>. (WordPress n’a pas pu établir de connexion sécurisée vers WordPress.org. Veuillez contacter l’administrateur ou l’administratrice de votre serveur.) in /Users/simon/Local Sites/planty/app/public/wp-includes/update.php on line 447
[01-Jun-2023 09:55:48 UTC] PHP Warning:  Une erreur imprévue est survenue. Il pourrait y avoir un problème avec WordPress.org ou la configuration de ce serveur. Si vous continuez à rencontrer ce problème, veuillez vous rendre sur les <a href="https://wpfr.net/support">forums de support</a>. (WordPress n’a pas pu établir de connexion sécurisée vers WordPress.org. Veuillez contacter l’administrateur ou l’administratrice de votre serveur.) in /Users/simon/Local Sites/planty/app/public/wp-includes/update.php on line 209
[01-Jun-2023 09:55:48 UTC] PHP Warning:  Une erreur imprévue est survenue. Il pourrait y avoir un problème avec WordPress.org ou la configuration de ce serveur. Si vous continuez à rencontrer ce problème, veuillez vous rendre sur les <a href="https://wpfr.net/support">forums de support</a>. (WordPress n’a pas pu établir de connexion sécurisée vers WordPress.org. Veuillez contacter l’administrateur ou l’administratrice de votre serveur.) in /Users/simon/Local Sites/planty/app/public/wp-includes/update.php on line 447
[01-Jun-2023 09:55:48 UTC] PHP Warning:  Une erreur imprévue est survenue. Il pourrait y avoir un problème avec WordPress.org ou la configuration de ce serveur. Si vous continuez à rencontrer ce problème, veuillez vous rendre sur les <a href="https://wpfr.net/support">forums de support</a>. (WordPress n’a pas pu établir de connexion sécurisée vers WordPress.org. Veuillez contacter l’administrateur ou l’administratrice de votre serveur.) in /Users/simon/Local Sites/planty/app/public/wp-includes/update.php on line 728
