[30-May-2023 16:03:26] NOTICE: fpm is running, pid 57109
[30-May-2023 16:03:26] NOTICE: ready to handle connections
[01-Jun-2023 21:43:12] NOTICE: Terminating ...
[01-Jun-2023 21:43:12] NOTICE: Terminating ...
[01-Jun-2023 21:43:12] NOTICE: exiting, bye-bye!
[03-Jun-2023 13:32:51] NOTICE: fpm is running, pid 3283
[03-Jun-2023 13:32:51] NOTICE: ready to handle connections
[18-Jun-2023 12:12:02] NOTICE: Terminating ...
[18-Jun-2023 12:12:02] NOTICE: Terminating ...
[18-Jun-2023 12:12:02] NOTICE: exiting, bye-bye!
[23-Jun-2023 13:09:26] NOTICE: fpm is running, pid 2269
[23-Jun-2023 13:09:26] NOTICE: ready to handle connections
[02-Jul-2023 11:56:25] NOTICE: Terminating ...
[02-Jul-2023 11:56:25] NOTICE: Terminating ...
[02-Jul-2023 11:56:25] NOTICE: exiting, bye-bye!
[02-Jul-2023 12:52:59] NOTICE: fpm is running, pid 51934
[02-Jul-2023 12:52:59] NOTICE: ready to handle connections
[02-Jul-2023 13:52:08] NOTICE: Terminating ...
[02-Jul-2023 13:52:08] NOTICE: Terminating ...
[02-Jul-2023 13:52:08] NOTICE: exiting, bye-bye!
[02-Jul-2023 16:33:17] NOTICE: fpm is running, pid 63503
[02-Jul-2023 16:33:17] NOTICE: ready to handle connections
[03-Jul-2023 12:53:25] NOTICE: Terminating ...
[03-Jul-2023 12:53:25] NOTICE: Terminating ...
[03-Jul-2023 12:53:25] NOTICE: exiting, bye-bye!
[03-Jul-2023 15:30:43] NOTICE: fpm is running, pid 23266
[03-Jul-2023 15:30:43] NOTICE: ready to handle connections
